<?xml version="1.0" encoding="UTF-8"?>
<!-- Generated by org.testng.reporters.JUnitReportReporter -->
<testsuite hostname="DESKTOP-R4JMQ25" failures="0" tests="3" name="com.opencart.TestLayer.LoginTest" time="60.385" errors="0" timestamp="2025-05-12T11:41:10 IST" skipped="0">
  <testcase classname="com.opencart.TestLayer.LoginTest" name="verifyErrorMessageLoginWithInvalidCred" time="25.195"/>
  <testcase classname="com.opencart.TestLayer.LoginTest" name="verifyLoginWithValidCred" time="19.271"/>
  <testcase classname="com.opencart.TestLayer.LoginTest" name="verifyLoginWithInvalidCred" time="15.919"/>
</testsuite> <!-- com.opencart.TestLayer.LoginTest -->
