<?xml version="1.0" encoding="UTF-8"?>
<!-- Generated by org.testng.reporters.JUnitReportReporter -->
<testsuite hostname="DESKTOP-R4JMQ25" failures="0" tests="1" name="com.opencart.TestLayer.LogoutTest" time="21.545" errors="0" timestamp="2024-12-31T12:20:24 IST" skipped="0">
  <testcase classname="com.opencart.TestLayer.LogoutTest" name="verifyLogout" time="21.545"/>
</testsuite> <!-- com.opencart.TestLayer.LogoutTest -->
