<?xml version="1.0" encoding="UTF-8"?>
<!-- Generated by org.testng.reporters.JUnitReportReporter -->
<testsuite hostname="DESKTOP-R4JMQ25" failures="0" tests="2" name="com.opencart.TestLayer.RegisterTest" time="57.135" errors="0" timestamp="2024-11-28T10:26:26 IST" skipped="0">
  <testcase classname="com.opencart.TestLayer.RegisterTest" name="verifyRegisterWithSameCred" time="28.329"/>
  <testcase classname="com.opencart.TestLayer.RegisterTest" name="verifyRegisterTestWithvalidDetails" time="28.806"/>
</testsuite> <!-- com.opencart.TestLayer.RegisterTest -->
