<?xml version="1.0" encoding="UTF-8"?>
<!-- Generated by org.testng.reporters.JUnitReportReporter -->
<testsuite hostname="DESKTOP-R4JMQ25" failures="0" tests="1" name="com.opencart.TestLayer.LogoutTest" time="16.759" errors="0" timestamp="2024-11-30T09:12:38 IST" skipped="0">
  <testcase classname="com.opencart.TestLayer.LogoutTest" name="verifyLogout" time="16.759"/>
</testsuite> <!-- com.opencart.TestLayer.LogoutTest -->
