<?xml version="1.0" encoding="UTF-8"?>
<!-- Generated by org.testng.reporters.JUnitReportReporter -->
<testsuite hostname="DESKTOP-R4JMQ25" failures="0" tests="2" name="com.opencart.TestLayer.AddToWishList" time="147.626" errors="0" timestamp="2024-11-29T10:17:44 IST" skipped="0">
  <testcase classname="com.opencart.TestLayer.AddToWishList" name="verifyProductRemoveFromWishList" time="81.363"/>
  <testcase classname="com.opencart.TestLayer.AddToWishList" name="verifyProductAddToWishlist" time="66.263"/>
</testsuite> <!-- com.opencart.TestLayer.AddToWishList -->
