<?xml version="1.0" encoding="UTF-8"?>
<!-- Generated by org.testng.reporters.JUnitReportReporter -->
<testsuite hostname="DESKTOP-R4JMQ25" failures="0" tests="1" name="com.opencart.TestLayer.ProductAddTest" time="25.340" errors="0" timestamp="2024-11-29T07:28:13 IST" skipped="0">
  <testcase classname="com.opencart.TestLayer.ProductAddTest" name="verifyProductRemoveFromShoppingCart" time="25.340"/>
</testsuite> <!-- com.opencart.TestLayer.ProductAddTest -->
