<?xml version="1.0" encoding="UTF-8"?>
<!-- Generated by org.testng.reporters.JUnitReportReporter -->
<testsuite hostname="DESKTOP-R4JMQ25" failures="0" tests="3" name="com.opencart.TestLayer.LoginTest" time="86.164" errors="0" timestamp="2024-11-28T10:33:10 IST" skipped="0">
  <testcase classname="com.opencart.TestLayer.LoginTest" name="verifyErrorMessageLoginWithInvalidCred" time="20.611"/>
  <testcase classname="com.opencart.TestLayer.LoginTest" name="verifyLoginWithInvalidCred" time="33.176"/>
  <testcase classname="com.opencart.TestLayer.LoginTest" name="verifyLoginWithValidCred" time="32.377"/>
</testsuite> <!-- com.opencart.TestLayer.LoginTest -->
