<?xml version="1.0" encoding="UTF-8"?>
<!-- Generated by org.testng.reporters.JUnitReportReporter -->
<testsuite hostname="DESKTOP-R4JMQ25" failures="0" tests="3" name="com.opencart.TestLayer.LoginTest" time="83.224" errors="0" timestamp="2025-05-11T18:07:32 IST" skipped="0">
  <testcase classname="com.opencart.TestLayer.LoginTest" name="verifyLoginWithInvalidCred" time="27.542"/>
  <testcase classname="com.opencart.TestLayer.LoginTest" name="verifyLoginWithValidCred" time="26.543"/>
  <testcase classname="com.opencart.TestLayer.LoginTest" name="verifyErrorMessageLoginWithInvalidCred" time="29.139"/>
</testsuite> <!-- com.opencart.TestLayer.LoginTest -->
