<?xml version="1.0" encoding="UTF-8"?>
<!-- Generated by org.testng.reporters.JUnitReportReporter -->
<testsuite hostname="DESKTOP-R4JMQ25" failures="0" tests="3" name="com.opencart.TestLayer.AddressTest" time="76.681" errors="0" timestamp="2025-01-05T12:17:41 IST" skipped="0">
  <testcase classname="com.opencart.TestLayer.AddressTest" name="verifyAddressSaveSuccessfully" time="34.627"/>
  <testcase classname="com.opencart.TestLayer.AddressTest" name="verifyAddressEditSuccessfully" time="19.668"/>
  <testcase classname="com.opencart.TestLayer.AddressTest" name="verifyAddressDeleteSuccessfully" time="22.386"/>
</testsuite> <!-- com.opencart.TestLayer.AddressTest -->
